nohup: ignoring input
[I 2023-12-06 13:49:59.826 ServerApp] Package notebook took 0.0000s to import
[I 2023-12-06 13:49:59.836 ServerApp] Package jupyter_lsp took 0.0092s to import
[W 2023-12-06 13:49:59.836 ServerApp] A `_jupyter_server_extension_points` function was not found in jupyter_lsp. Instead, a `_jupyter_server_extension_paths` function was found and will be used for now. This function name will be deprecated in future releases of Jupyter Server.
[I 2023-12-06 13:49:59.840 ServerApp] Package jupyter_server_terminals took 0.0041s to import
[I 2023-12-06 13:49:59.840 ServerApp] Package jupyterlab took 0.0000s to import
[I 2023-12-06 13:49:59.867 ServerApp] Package notebook_shim took 0.0000s to import
[W 2023-12-06 13:49:59.867 ServerApp] A `_jupyter_server_extension_points` function was not found in notebook_shim. Instead, a `_jupyter_server_extension_paths` function was found and will be used for now. This function name will be deprecated in future releases of Jupyter Server.
[I 2023-12-06 13:49:59.868 ServerApp] jupyter_lsp | extension was successfully linked.
[I 2023-12-06 13:49:59.872 ServerApp] jupyter_server_terminals | extension was successfully linked.
[I 2023-12-06 13:49:59.877 ServerApp] jupyterlab | extension was successfully linked.
[I 2023-12-06 13:49:59.881 ServerApp] notebook | extension was successfully linked.
[I 2023-12-06 13:50:00.066 ServerApp] notebook_shim | extension was successfully linked.
[I 2023-12-06 13:50:00.103 ServerApp] notebook_shim | extension was successfully loaded.
[I 2023-12-06 13:50:00.105 ServerApp] jupyter_lsp | extension was successfully loaded.
[I 2023-12-06 13:50:00.106 ServerApp] jupyter_server_terminals | extension was successfully loaded.
[I 2023-12-06 13:50:00.107 LabApp] JupyterLab extension loaded from /jagupard19/scr0/akdash/hci-alt-texts/models/semantic_level_classifier/venv/lib/python3.10/site-packages/jupyterlab
[I 2023-12-06 13:50:00.107 LabApp] JupyterLab application directory is /jagupard19/scr0/akdash/hci-alt-texts/models/semantic_level_classifier/venv/share/jupyter/lab
[I 2023-12-06 13:50:00.107 LabApp] Extension Manager is 'pypi'.
[I 2023-12-06 13:50:00.110 ServerApp] jupyterlab | extension was successfully loaded.
[I 2023-12-06 13:50:00.112 ServerApp] notebook | extension was successfully loaded.
[I 2023-12-06 13:50:00.113 ServerApp] Serving notebooks from local directory: /jagupard19/scr0/akdash/hci-alt-texts/models/semantic_level_classifier
[I 2023-12-06 13:50:00.113 ServerApp] Jupyter Server 2.10.0 is running at:
[I 2023-12-06 13:50:00.113 ServerApp] http://jagupard19.stanford.edu:8000/tree
[I 2023-12-06 13:50:00.113 ServerApp]     http://127.0.0.1:8000/tree
[I 2023-12-06 13:50:00.113 ServerApp] Use Control-C to stop this server and shut down all kernels (twice to skip confirmation).
[W 2023-12-06 13:50:00.122 ServerApp] No web browser found: Error('could not locate runnable browser').
[I 2023-12-06 13:50:00.345 ServerApp] Skipped non-installed server(s): bash-language-server, dockerfile-language-server-nodejs, javascript-typescript-langserver, jedi-language-server, julia-language-server, pyright, python-language-server, python-lsp-server, r-languageserver, sql-language-server, texlab, typescript-language-server, unified-language-server, vscode-css-languageserver-bin, vscode-html-languageserver-bin, vscode-json-languageserver-bin, yaml-language-server
[I 2023-12-06 13:50:00.834 ServerApp] 302 GET / (@10.27.61.81) 0.96ms
[I 2023-12-06 13:56:20.362 ServerApp] Kernel started: c838e0c7-10be-4514-9f2d-20edfbef6022
[I 2023-12-06 13:56:21.396 ServerApp] Connecting to kernel c838e0c7-10be-4514-9f2d-20edfbef6022.
[I 2023-12-06 13:58:13.612 ServerApp] Kernel started: 09b726c8-9b54-4833-bc94-94285a07e6c3
[I 2023-12-06 13:58:20.758 ServerApp] Saving file at /scibert_classifier.ipynb
[I 2023-12-06 13:58:27.068 ServerApp] Connecting to kernel 09b726c8-9b54-4833-bc94-94285a07e6c3.
[I 2023-12-06 13:58:29.243 ServerApp] Kernel started: ebaad973-b3cd-44c5-b6e7-e9020b3d914b
[I 2023-12-06 13:58:29.989 ServerApp] Connecting to kernel ebaad973-b3cd-44c5-b6e7-e9020b3d914b.
[I 2023-12-06 13:58:57.189 ServerApp] Creating new directory in 
[I 2023-12-06 13:59:46.708 ServerApp] Copying data_splits/all_data.jsonl to /all_data
[I 2023-12-06 14:00:13.766 ServerApp] Saving file at /process-description.ipynb
[I 2023-12-06 14:00:29.789 ServerApp] Saving file at /predictions.ipynb
[I 2023-12-06 14:02:14.772 ServerApp] Saving file at /process-description.ipynb
[I 2023-12-06 14:04:14.877 ServerApp] Saving file at /process-description.ipynb
[W 2023-12-06 14:04:43.417 ServerApp] delete /val.jsonl
[W 2023-12-06 14:04:43.434 ServerApp] delete /train.jsonl
[I 2023-12-06 14:06:14.982 ServerApp] Saving file at /process-description.ipynb
[I 2023-12-06 14:07:03.140 ServerApp] Saving file at /process-description.ipynb
[I 2023-12-06 14:08:24.755 ServerApp] Saving file at /scibert_classifier.ipynb
[I 2023-12-06 14:08:33.780 ServerApp] Saving file at /predictions.ipynb
[I 2023-12-06 14:09:12.893 ServerApp] Kernel restarted: c838e0c7-10be-4514-9f2d-20edfbef6022
[I 2023-12-06 14:09:12.967 ServerApp] Starting buffering for c838e0c7-10be-4514-9f2d-20edfbef6022:452c6752-1310-4319-9044-0ca224bbf8e9
[I 2023-12-06 14:09:12.977 ServerApp] Connecting to kernel c838e0c7-10be-4514-9f2d-20edfbef6022.
[I 2023-12-06 14:09:12.977 ServerApp] Restoring connection for c838e0c7-10be-4514-9f2d-20edfbef6022:452c6752-1310-4319-9044-0ca224bbf8e9
[I 2023-12-06 14:10:24.848 ServerApp] Saving file at /scibert_classifier.ipynb
[I 2023-12-06 14:12:24.943 ServerApp] Saving file at /scibert_classifier.ipynb
[I 2023-12-06 14:14:25.031 ServerApp] Saving file at /scibert_classifier.ipynb
[I 2023-12-06 14:14:45.428 ServerApp] Kernel interrupted: c838e0c7-10be-4514-9f2d-20edfbef6022
[W 2023-12-06 14:14:55.990 ServerApp] delete /all_data/allenai_scibert_scivocab_uncased
[I 2023-12-06 14:16:25.150 ServerApp] Saving file at /scibert_classifier.ipynb
[I 2023-12-06 14:17:11.070 ServerApp] Kernel interrupted: c838e0c7-10be-4514-9f2d-20edfbef6022
[I 2023-12-06 14:17:12.832 ServerApp] Kernel interrupted: c838e0c7-10be-4514-9f2d-20edfbef6022
[I 2023-12-06 14:18:25.249 ServerApp] Saving file at /scibert_classifier.ipynb
[I 2023-12-06 14:20:11.848 ServerApp] Kernel interrupted: c838e0c7-10be-4514-9f2d-20edfbef6022
[I 2023-12-06 14:20:25.339 ServerApp] Saving file at /scibert_classifier.ipynb
[I 2023-12-06 14:20:25.391 ServerApp] Kernel interrupted: c838e0c7-10be-4514-9f2d-20edfbef6022
[W 2023-12-06 14:21:13.478 ServerApp] delete /all_data/all_data.jsonl
[I 2023-12-06 14:26:25.461 ServerApp] Saving file at /scibert_classifier.ipynb
[I 2023-12-06 14:27:22.768 ServerApp] Kernel interrupted: c838e0c7-10be-4514-9f2d-20edfbef6022
[I 2023-12-06 14:27:27.301 ServerApp] Kernel interrupted: c838e0c7-10be-4514-9f2d-20edfbef6022
[I 2023-12-06 14:27:27.460 ServerApp] Kernel interrupted: c838e0c7-10be-4514-9f2d-20edfbef6022
[I 2023-12-06 14:27:27.611 ServerApp] Kernel interrupted: c838e0c7-10be-4514-9f2d-20edfbef6022
[I 2023-12-06 14:27:27.779 ServerApp] Kernel interrupted: c838e0c7-10be-4514-9f2d-20edfbef6022
[I 2023-12-06 14:28:23.385 ServerApp] Kernel interrupted: c838e0c7-10be-4514-9f2d-20edfbef6022
[I 2023-12-06 14:28:25.536 ServerApp] Saving file at /scibert_classifier.ipynb
[I 2023-12-06 14:28:26.922 ServerApp] Kernel interrupted: c838e0c7-10be-4514-9f2d-20edfbef6022
[I 2023-12-06 14:28:54.990 ServerApp] Kernel interrupted: c838e0c7-10be-4514-9f2d-20edfbef6022
[I 2023-12-06 14:28:59.686 ServerApp] Kernel interrupted: c838e0c7-10be-4514-9f2d-20edfbef6022
[I 2023-12-06 14:29:45.170 ServerApp] Saving file at /all_data/train.jsonl
[I 2023-12-06 14:29:48.632 ServerApp] Starting buffering for ebaad973-b3cd-44c5-b6e7-e9020b3d914b:a509fd6d-00f8-48e5-8a23-8c71036befa9
[I 2023-12-06 14:29:49.298 ServerApp] Starting buffering for 09b726c8-9b54-4833-bc94-94285a07e6c3:1c947dad-3987-4c08-b566-3ff8a67f4517
[I 2023-12-06 14:29:59.865 ServerApp] Kernel interrupted: c838e0c7-10be-4514-9f2d-20edfbef6022
[I 2023-12-06 14:30:01.765 ServerApp] Kernel interrupted: c838e0c7-10be-4514-9f2d-20edfbef6022
[I 2023-12-06 14:30:08.025 ServerApp] Saving file at /all_data/train.jsonl
[I 2023-12-06 14:30:25.451 ServerApp] Saving file at /scibert_classifier.ipynb
[I 2023-12-06 14:34:25.557 ServerApp] Saving file at /scibert_classifier.ipynb
[I 2023-12-06 14:34:55.089 ServerApp] Kernel interrupted: c838e0c7-10be-4514-9f2d-20edfbef6022
[I 2023-12-06 14:36:25.652 ServerApp] Saving file at /scibert_classifier.ipynb
[I 2023-12-06 14:36:27.269 ServerApp] Saving file at /scibert_classifier.ipynb
[I 2023-12-06 14:37:31.997 ServerApp] Kernel interrupted: c838e0c7-10be-4514-9f2d-20edfbef6022
[I 2023-12-06 14:37:34.206 ServerApp] Kernel interrupted: c838e0c7-10be-4514-9f2d-20edfbef6022
[I 2023-12-06 14:38:27.355 ServerApp] Saving file at /scibert_classifier.ipynb
[I 2023-12-06 14:39:38.168 ServerApp] Kernel interrupted: c838e0c7-10be-4514-9f2d-20edfbef6022
[I 2023-12-06 14:40:27.473 ServerApp] Saving file at /scibert_classifier.ipynb
[I 2023-12-06 14:40:48.586 ServerApp] Kernel interrupted: c838e0c7-10be-4514-9f2d-20edfbef6022
[I 2023-12-06 14:42:27.573 ServerApp] Saving file at /scibert_classifier.ipynb
[I 2023-12-06 14:44:27.668 ServerApp] Saving file at /scibert_classifier.ipynb
[I 2023-12-06 14:45:52.329 ServerApp] Kernel interrupted: c838e0c7-10be-4514-9f2d-20edfbef6022
[I 2023-12-06 14:45:56.230 ServerApp] Kernel interrupted: c838e0c7-10be-4514-9f2d-20edfbef6022
[I 2023-12-06 14:46:27.774 ServerApp] Saving file at /scibert_classifier.ipynb
[I 2023-12-06 14:47:15.018 ServerApp] Saving file at /scibert_classifier.ipynb
[I 2023-12-06 14:47:21.359 ServerApp] Saving file at /scibert_classifier.ipynb
[I 2023-12-06 14:47:29.526 ServerApp] Saving file at /scibert_classifier.ipynb
[I 2023-12-06 14:49:29.615 ServerApp] Saving file at /scibert_classifier.ipynb
[I 2023-12-06 14:51:29.715 ServerApp] Saving file at /scibert_classifier.ipynb
[I 2023-12-06 14:53:30.812 ServerApp] Saving file at /scibert_classifier.ipynb
[I 2023-12-06 14:55:30.947 ServerApp] Saving file at /scibert_classifier.ipynb
[I 2023-12-06 14:59:31.044 ServerApp] Saving file at /scibert_classifier.ipynb
[I 2023-12-06 15:00:30.923 ServerApp] Kernel interrupted: c838e0c7-10be-4514-9f2d-20edfbef6022
[I 2023-12-06 15:01:31.790 ServerApp] Saving file at /scibert_classifier.ipynb
[I 2023-12-06 15:03:32.786 ServerApp] Saving file at /scibert_classifier.ipynb
[I 2023-12-06 15:05:32.887 ServerApp] Saving file at /scibert_classifier.ipynb
[I 2023-12-06 15:07:32.980 ServerApp] Saving file at /scibert_classifier.ipynb
[I 2023-12-06 15:09:33.080 ServerApp] Saving file at /scibert_classifier.ipynb
[I 2023-12-06 15:09:41.041 ServerApp] Kernel interrupted: c838e0c7-10be-4514-9f2d-20edfbef6022
[I 2023-12-06 15:09:41.944 ServerApp] Kernel interrupted: c838e0c7-10be-4514-9f2d-20edfbef6022
[I 2023-12-06 15:11:33.169 ServerApp] Saving file at /scibert_classifier.ipynb
[I 2023-12-06 15:14:37.772 ServerApp] Saving file at /scibert_classifier.ipynb
[I 2023-12-06 15:14:49.483 ServerApp] Kernel interrupted: c838e0c7-10be-4514-9f2d-20edfbef6022
[I 2023-12-06 15:15:01.197 ServerApp] Kernel interrupted: c838e0c7-10be-4514-9f2d-20edfbef6022
[I 2023-12-06 15:16:37.857 ServerApp] Saving file at /scibert_classifier.ipynb
[I 2023-12-06 15:18:37.949 ServerApp] Saving file at /scibert_classifier.ipynb
[I 2023-12-06 15:20:38.037 ServerApp] Saving file at /scibert_classifier.ipynb
[I 2023-12-06 15:22:38.134 ServerApp] Saving file at /scibert_classifier.ipynb
[I 2023-12-06 15:24:38.439 ServerApp] Saving file at /scibert_classifier.ipynb
[I 2023-12-06 15:26:20.318 ServerApp] Saving file at /scibert_classifier.ipynb
[I 2023-12-06 15:26:21.867 ServerApp] Starting buffering for c838e0c7-10be-4514-9f2d-20edfbef6022:452c6752-1310-4319-9044-0ca224bbf8e9
[W 2023-12-06 15:26:23.760 ServerApp] 404 GET /api/contents/all_data/allenai_scibert_scivocab_uncased/all_data/logs?content=1&1701905183724 (10.27.61.81): No such file or directory: all_data/allenai_scibert_scivocab_uncased/all_data/logs
[W 2023-12-06 15:26:23.760 ServerApp] wrote error: 'No such file or directory: all_data/allenai_scibert_scivocab_uncased/all_data/logs'
    Traceback (most recent call last):
      File "/jagupard19/scr0/akdash/hci-alt-texts/models/semantic_level_classifier/venv/lib/python3.10/site-packages/tornado/web.py", line 1786, in _execute
        result = await result
      File "/jagupard19/scr0/akdash/hci-alt-texts/models/semantic_level_classifier/venv/lib/python3.10/site-packages/jupyter_server/services/contents/handlers.py", line 121, in get
        model = await ensure_async(
      File "/jagupard19/scr0/akdash/hci-alt-texts/models/semantic_level_classifier/venv/lib/python3.10/site-packages/jupyter_core/utils/__init__.py", line 189, in ensure_async
        result = await obj
      File "/jagupard19/scr0/akdash/hci-alt-texts/models/semantic_level_classifier/venv/lib/python3.10/site-packages/jupyter_server/services/contents/filemanager.py", line 863, in get
        raise web.HTTPError(404, "No such file or directory: %s" % path)
    tornado.web.HTTPError: HTTP 404: Not Found (No such file or directory: all_data/allenai_scibert_scivocab_uncased/all_data/logs)
[W 2023-12-06 15:26:23.763 ServerApp] 404 GET /api/contents/all_data/allenai_scibert_scivocab_uncased/all_data/logs?content=1&1701905183724 (9c15b7e5b7ee4a53b3db6db7cb401a70@10.27.61.81) 4.77ms referer=http://jagupard19.stanford.edu:8000/tree/all_data/allenai_scibert_scivocab_uncased/all_data/logs
